<?xml version="1.1" encoding="UTF-8"?>
<testsuite name="org.jnorthr.dds.HelloSpock" tests="1" failures="0" errors="0" timestamp="2013-04-07T06:16:24" hostname="redapple.home" time="0.31">
  <properties/>
  <testcase name="length of Spock's and his friends' names" classname="org.jnorthr.dds.HelloSpock" time="0.31"/>
  <system-out><![CDATA[]]></system-out>
  <system-err><![CDATA[]]></system-err>
</testsuite>
